Start testing: May 06 23:24 Malay Peninsula Standard Time
----------------------------------------------------------
1/1 Testing: dicom_gtest
1/1 Test: dicom_gtest
Command: "D:/Project/Git/DICOM_V2/DICOM-Image-Tool/build/test/Debug/unit_test.exe"
Directory: D:/Project/Git/DICOM_V2/DICOM-Image-Tool/build/test
"dicom_gtest" start time: May 06 23:24 Malay Peninsula Standard Time
Output:
----------------------------------------------------------
Running main() from D:\Project\Git\DICOM_V2\DICOM-Image-Tool\build\_deps\googletest-src\googletest\src\gtest_main.cc
[==========] Running 5 tests from 1 test suite.
[----------] Global test environment set-up.
[----------] 5 tests from FileHandleTest
[ RUN      ] FileHandleTest.checkTxtExtension
[       OK ] FileHandleTest.checkTxtExtension (0 ms)
[ RUN      ] FileHandleTest.checkSetGetFilePath
[       OK ] FileHandleTest.checkSetGetFilePath (0 ms)
[ RUN      ] FileHandleTest.TestSaveFile
[       OK ] FileHandleTest.TestSaveFile (1 ms)
[ RUN      ] FileHandleTest.TestDeleteFile
File deleted successfully.
[       OK ] FileHandleTest.TestDeleteFile (0 ms)
[ RUN      ] FileHandleTest.TestGetFileSize
[       OK ] FileHandleTest.TestGetFileSize (0 ms)
[----------] 5 tests from FileHandleTest (1 ms total)

[----------] Global test environment tear-down
[==========] 5 tests from 1 test suite ran. (2 ms total)
[  PASSED  ] 5 tests.
<end of output>
Test time =   0.56 sec
----------------------------------------------------------
Test Passed.
"dicom_gtest" end time: May 06 23:24 Malay Peninsula Standard Time
"dicom_gtest" time elapsed: 00:00:00
----------------------------------------------------------

End testing: May 06 23:24 Malay Peninsula Standard Time
