Start testing: May 22 00:00 Malay Peninsula Standard Time
----------------------------------------------------------
1/1 Testing: dicom_gtest
1/1 Test: dicom_gtest
Command: "D:/Project/Git/DICOM_V2/DICOM-Image-Tool/build/test/Debug/unit_test.exe"
Directory: D:/Project/Git/DICOM_V2/DICOM-Image-Tool/build/test
"dicom_gtest" start time: May 22 00:00 Malay Peninsula Standard Time
Output:
----------------------------------------------------------
Running main() from D:\Project\Git\DICOM_V2\DICOM-Image-Tool\build\_deps\googletest-src\googletest\src\gtest_main.cc
[==========] Running 27 tests from 5 test suites.
[----------] Global test environment set-up.
[----------] 6 tests from DicomFileTest
[ RUN      ] DicomFileTest.Constructor
[       OK ] DicomFileTest.Constructor (18 ms)
[ RUN      ] DicomFileTest.GetMetaData
[       OK ] DicomFileTest.GetMetaData (15 ms)
[ RUN      ] DicomFileTest.GetPatientName
[       OK ] DicomFileTest.GetPatientName (13 ms)
[ RUN      ] DicomFileTest.GetImageHeight
[       OK ] DicomFileTest.GetImageHeight (11 ms)
[ RUN      ] DicomFileTest.GetImageWidth
[       OK ] DicomFileTest.GetImageWidth (11 ms)
[ RUN      ] DicomFileTest.GetImageDepth
[       OK ] DicomFileTest.GetImageDepth (11 ms)
[----------] 6 tests from DicomFileTest (81 ms total)

[----------] 6 tests from NonDicomFileTest
[ RUN      ] NonDicomFileTest.Construction
E: DcmElement: Unknown Tag & Data (d8ff,e0ff) larger (1179258880) than remaining bytes in file
[       OK ] NonDicomFileTest.Construction (0 ms)
[ RUN      ] NonDicomFileTest.GetMetaData
E: DcmElement: Unknown Tag & Data (d8ff,e0ff) larger (1179258880) than remaining bytes in file
[       OK ] NonDicomFileTest.GetMetaData (0 ms)
[ RUN      ] NonDicomFileTest.GetPatientName
E: DcmElement: Unknown Tag & Data (d8ff,e0ff) larger (1179258880) than remaining bytes in file
[       OK ] NonDicomFileTest.GetPatientName (0 ms)
[ RUN      ] NonDicomFileTest.GetImageHeight
E: DcmElement: Unknown Tag & Data (d8ff,e0ff) larger (1179258880) than remaining bytes in file
[       OK ] NonDicomFileTest.GetImageHeight (0 ms)
[ RUN      ] NonDicomFileTest.GetImageWidth
E: DcmElement: Unknown Tag & Data (d8ff,e0ff) larger (1179258880) than remaining bytes in file
[       OK ] NonDicomFileTest.GetImageWidth (0 ms)
[ RUN      ] NonDicomFileTest.GetImageDepth
E: DcmElement: Unknown Tag & Data (d8ff,e0ff) larger (1179258880) than remaining bytes in file
[       OK ] NonDicomFileTest.GetImageDepth (0 ms)
[----------] 6 tests from NonDicomFileTest (1 ms total)

[----------] 5 tests from FileHandleTest
[ RUN      ] FileHandleTest.checkTxtExtension
[       OK ] FileHandleTest.checkTxtExtension (0 ms)
[ RUN      ] FileHandleTest.checkSetGetFilePath
[       OK ] FileHandleTest.checkSetGetFilePath (0 ms)
[ RUN      ] FileHandleTest.TestSaveFile
[       OK ] FileHandleTest.TestSaveFile (0 ms)
[ RUN      ] FileHandleTest.TestDeleteFile
File deleted successfully.
[       OK ] FileHandleTest.TestDeleteFile (0 ms)
[ RUN      ] FileHandleTest.TestGetFileSize
[       OK ] FileHandleTest.TestGetFileSize (0 ms)
[----------] 5 tests from FileHandleTest (0 ms total)

[----------] 6 tests from ProcessorTest
[ RUN      ] ProcessorTest.DisplayImage
[       OK ] ProcessorTest.DisplayImage (0 ms)
[ RUN      ] ProcessorTest.DisplayHistogram
[       OK ] ProcessorTest.DisplayHistogram (0 ms)
[ RUN      ] ProcessorTest.AutoCropAndRotateImage
[       OK ] ProcessorTest.AutoCropAndRotateImage (0 ms)
[ RUN      ] ProcessorTest.GetImageSize
[       OK ] ProcessorTest.GetImageSize (0 ms)
[ RUN      ] ProcessorTest.DisplayWait
[       OK ] ProcessorTest.DisplayWait (0 ms)
[ RUN      ] ProcessorTest.CreateImageFromPath
[       OK ] ProcessorTest.CreateImageFromPath (0 ms)
[----------] 6 tests from ProcessorTest (0 ms total)

[----------] 4 tests from MessageQueueTest
[ RUN      ] MessageQueueTest.PushPopSingleMessage
[       OK ] MessageQueueTest.PushPopSingleMessage (0 ms)
[ RUN      ] MessageQueueTest.PopFromEmptyQueue
[       OK ] MessageQueueTest.PopFromEmptyQueue (114 ms)
[ RUN      ] MessageQueueTest.MultipleMessages
[       OK ] MessageQueueTest.MultipleMessages (0 ms)
[ RUN      ] MessageQueueTest.ThreadSafety
[       OK ] MessageQueueTest.ThreadSafety (1 ms)
[----------] 4 tests from MessageQueueTest (116 ms total)

[----------] Global test environment tear-down
[==========] 27 tests from 5 test suites ran. (201 ms total)
[  PASSED  ] 27 tests.
<end of output>
Test time =   2.66 sec
----------------------------------------------------------
Test Passed.
"dicom_gtest" end time: May 22 00:00 Malay Peninsula Standard Time
"dicom_gtest" time elapsed: 00:00:02
----------------------------------------------------------

End testing: May 22 00:00 Malay Peninsula Standard Time
