Start testing: Apr 26 06:38 Malay Peninsula Standard Time
----------------------------------------------------------
1/1 Testing: dicom_gtest
1/1 Test: dicom_gtest
Command: "D:/Project/Git/DICOM_V2/DICOM-Image-Tool/build/test/Debug/unit_test.exe"
Directory: D:/Project/Git/DICOM_V2/DICOM-Image-Tool/build/test
"dicom_gtest" start time: Apr 26 06:38 Malay Peninsula Standard Time
Output:
----------------------------------------------------------
Running main() from D:\Project\Git\DICOM_V2\DICOM-Image-Tool\build\_deps\googletest-src\googletest\src\gtest_main.cc
[==========] Running 3 tests from 3 test suites.
[----------] Global test environment set-up.
[----------] 1 test from fileHandleTest
[ RUN      ] fileHandleTest.Return
[       OK ] fileHandleTest.Return (0 ms)
[----------] 1 test from fileHandleTest (0 ms total)

[----------] 1 test from fileHandle
[ RUN      ] fileHandle.CheckExtension
D:\Project\Git\DICOM_V2\DICOM-Image-Tool\test\src\fileHandle_test.cpp(16): error: Expected equality of these values:
  H_FILE->getFileExtension()
    Which is: "png"
  ".png"
[  FAILED  ] fileHandle.CheckExtension (0 ms)
[----------] 1 test from fileHandle (0 ms total)

[----------] 1 test from ProcessorTest
[ RUN      ] ProcessorTest.Return
[       OK ] ProcessorTest.Return (0 ms)
[----------] 1 test from ProcessorTest (0 ms total)

[----------] Global test environment tear-down
[==========] 3 tests from 3 test suites ran. (0 ms total)
[  PASSED  ] 2 tests.
[  FAILED  ] 1 test, listed below:
[  FAILED  ] fileHandle.CheckExtension

 1 FAILED TEST
<end of output>
Test time =   0.45 sec
----------------------------------------------------------
Test Failed.
"dicom_gtest" end time: Apr 26 06:38 Malay Peninsula Standard Time
"dicom_gtest" time elapsed: 00:00:00
----------------------------------------------------------

End testing: Apr 26 06:38 Malay Peninsula Standard Time
