<?xml version="1.0" encoding="UTF-8"?>
<Site BuildName="Win32-MSBuild"
	BuildStamp="20240521-0154-Experimental"
	Name="LAPTOP-ABCC0QRG"
	Generator="ctest-3.29.2"
	CompilerName="C:/Program Files/Microsoft Visual Studio/2022/Community/VC/Tools/MSVC/14.39.33519/bin/Hostx86/x64/cl.exe"
	CompilerVersion="19.39.33523.0"
	OSName="Windows"
	Hostname="LAPTOP-ABCC0QRG"
	OSRelease=" Personal"
	OSVersion=" (Build 22631)"
	OSPlatform="AMD64"
	Is64Bits="1"
	VendorString="GenuineIntel"
	VendorID="Intel Corporation"
	FamilyID="6"
	ModelID="12"
	ProcessorCacheSize="-1"
	NumberOfLogicalCPU="8"
	NumberOfPhysicalCPU="4"
	TotalVirtualMemory="20271"
	TotalPhysicalMemory="7886"
	LogicalProcessorsPerPhysical="2"
	ProcessorClockFrequency="2419"
	>
	<Testing>
		<StartDateTime>May 22 00:00 Malay Peninsula Standard Time</StartDateTime>
		<StartTestTime>1716307213</StartTestTime>
		<TestList>
			<Test>./test/dicom_gtest</Test>
		</TestList>
		<Test Status="passed">
			<Name>dicom_gtest</Name>
			<Path>./test</Path>
			<FullName>./test/dicom_gtest</FullName>
			<FullCommandLine>D:\Project\Git\DICOM_V2\DICOM-Image-Tool\build\test\Debug\unit_test.exe</FullCommandLine>
			<Results>
				<NamedMeasurement type="numeric/double" name="Execution Time">
					<Value>2.66482</Value>
				</NamedMeasurement>
				<NamedMeasurement type="numeric/double" name="Processors">
					<Value>1</Value>
				</NamedMeasurement>
				<NamedMeasurement type="text/string" name="Completion Status">
					<Value>Completed</Value>
				</NamedMeasurement>
				<NamedMeasurement type="text/string" name="Command Line">
					<Value>D:\Project\Git\DICOM_V2\DICOM-Image-Tool\build\test\Debug\unit_test.exe</Value>
				</NamedMeasurement>
				<NamedMeasurement type="text/string" name="Environment">
					<Value>#CTEST_RESOURCE_GROUP_COUNT=</Value>
				</NamedMeasurement>
				<Measurement>
					<Value encoding="base64" compression="gzip">eJyVk1FvmzAQgN/5Ffc0BWmgJFtWFmlPpcuqqWkVpdtDiCLHHODN2Mg+2u3fz4apZX2g7F6w8efvTnC3a5USqoSaCTULoTC6hnSd3Rn9AzllG0FZen15e3P6tuwX0XXNSoz2Wsvs3AqZZ6ccG5uVWpcSCS1F1vDBNuu2fnXySWLOg8OnpzjC7m8FywvwkO1rWHUbsK1wzzg4RE9xhI3UZyZ7ANWDMFrVqByMFLXNC/jD0JoKruvPQuLevQsOsLvfQhfHf4/iS60smZaTNg7r4/brGAazRQK1DcesG6QbJJYyYmPWAeasqwnWO0bCfYEtq/EV8YB07ncT3N3//oKirOgV94B07sVU93eRUzVF3YH/Y06xmWbuwGfztP6BWeJ5IE1MhsHIta1WI5338vS5q4RWwdUaUl5fSfQtvoZ79VPpRwV7VsIb6FskT4riLc6LIgTJTIm+FxcXH5erJEnmIVDFFBj0w+fn7PzbVQZCQeHyBXHs5mVfCQsNMwS6cDj2o6VbalqCR2b9bf2AOVihOIJwY/eLI+a2hyuDttIy97cX8+X7PkV8DP4AiVhjqw==</Value>
				</Measurement>
			</Results>
		</Test>
		<EndDateTime>May 22 00:00 Malay Peninsula Standard Time</EndDateTime>
		<EndTestTime>1716307216</EndTestTime>
		<ElapsedMinutes>0</ElapsedMinutes>
	</Testing>
</Site>
