Start testing: May 06 23:18 Malay Peninsula Standard Time
----------------------------------------------------------
1/1 Testing: dicom_gtest
1/1 Test: dicom_gtest
Command: "D:/Project/Git/DICOM_V2/DICOM-Image-Tool/build/test/Release/unit_test.exe"
Directory: D:/Project/Git/DICOM_V2/DICOM-Image-Tool/build/test
"dicom_gtest" start time: May 06 23:18 Malay Peninsula Standard Time
Output:
----------------------------------------------------------
Running main() from D:\Project\Git\DICOM_V2\DICOM-Image-Tool\build\_deps\googletest-src\googletest\src\gtest_main.cc
[==========] Running 4 tests from 1 test suite.
[----------] Global test environment set-up.
[----------] 4 tests from fileHandleTest
[ RUN      ] fileHandleTest.Return
[       OK ] fileHandleTest.Return (0 ms)
[ RUN      ] fileHandleTest.CheckPngExtension
[       OK ] fileHandleTest.CheckPngExtension (0 ms)
[ RUN      ] fileHandleTest.CheckJpegExtension
[       OK ] fileHandleTest.CheckJpegExtension (0 ms)
[ RUN      ] fileHandleTest.CheckDicomExtension
[       OK ] fileHandleTest.CheckDicomExtension (0 ms)
[----------] 4 tests from fileHandleTest (0 ms total)

[----------] Global test environment tear-down
[==========] 4 tests from 1 test suite ran. (0 ms total)
[  PASSED  ] 4 tests.
<end of output>
Test time =   0.03 sec
----------------------------------------------------------
Test Passed.
"dicom_gtest" end time: May 06 23:18 Malay Peninsula Standard Time
"dicom_gtest" time elapsed: 00:00:00
----------------------------------------------------------

End testing: May 06 23:18 Malay Peninsula Standard Time
