<?xml version="1.0" encoding="UTF-8"?>
<Site BuildName="Win32-MSBuild"
	BuildStamp="20240524-0649-Experimental"
	Name="LAPTOP-ABCC0QRG"
	Generator="ctest-3.29.2"
	CompilerName="C:/Program Files/Microsoft Visual Studio/2022/Community/VC/Tools/MSVC/14.39.33519/bin/Hostx86/x64/cl.exe"
	CompilerVersion="19.39.33523.0"
	OSName="Windows"
	Hostname="LAPTOP-ABCC0QRG"
	OSRelease=" Personal"
	OSVersion=" (Build 22631)"
	OSPlatform="AMD64"
	Is64Bits="1"
	VendorString="GenuineIntel"
	VendorID="Intel Corporation"
	FamilyID="6"
	ModelID="12"
	ProcessorCacheSize="-1"
	NumberOfLogicalCPU="8"
	NumberOfPhysicalCPU="4"
	TotalVirtualMemory="20271"
	TotalPhysicalMemory="7886"
	LogicalProcessorsPerPhysical="2"
	ProcessorClockFrequency="2419"
	>
	<Testing>
		<StartDateTime>May 24 14:50 Malay Peninsula Standard Time</StartDateTime>
		<StartTestTime>1716533413</StartTestTime>
		<TestList>
			<Test>./test/dicom_gtest</Test>
		</TestList>
		<Test Status="passed">
			<Name>dicom_gtest</Name>
			<Path>./test</Path>
			<FullName>./test/dicom_gtest</FullName>
			<FullCommandLine>D:\Project\Git\DICOM_V2\DICOM-Image-Tool\build\test\Debug\unit_test.exe</FullCommandLine>
			<Results>
				<NamedMeasurement type="numeric/double" name="Execution Time">
					<Value>1.23213</Value>
				</NamedMeasurement>
				<NamedMeasurement type="numeric/double" name="Processors">
					<Value>1</Value>
				</NamedMeasurement>
				<NamedMeasurement type="text/string" name="Completion Status">
					<Value>Completed</Value>
				</NamedMeasurement>
				<NamedMeasurement type="text/string" name="Command Line">
					<Value>D:\Project\Git\DICOM_V2\DICOM-Image-Tool\build\test\Debug\unit_test.exe</Value>
				</NamedMeasurement>
				<NamedMeasurement type="text/string" name="Environment">
					<Value>#CTEST_RESOURCE_GROUP_COUNT=</Value>
				</NamedMeasurement>
				<Measurement>
					<Value encoding="base64" compression="gzip">eJyVk01vnDAQhu/8ijlVIAW0i5KUrNRTSLdRlU202rSHZbXywgBujY3sIR//PjZE6SYHQueCx37m9ci8s+6k5LKChnHpB1Bq1UC6yO60+oM5ZUtOWXp9eXuz/xUPi/C6YRWGG6VEdui4KLJ9ga3JKqUqgYSGQqPzozTrU7fau0uiPPe2395iB+vXDuJzcJAZejjrEzAdt9/I24ZvsYOlUAcmBgDlA9dKNigtjBR27Qf4nWrKc9V85wI3ds/bwvp+BX3s3h9Fl0oa0l1OSltsiNufYxj481NoTDCmukS6QWIpIzameoRZ1dkE1TtG3L7AijX4ifARCX4yQbr/3T+QVzV9In1ETmy7r/jNC6qnSPfgfzSdYjtNuAfBvxiEp5kH/PPY8kCKmAi8kbKVkiO2+3j6z1JcSe9qAWneXAl0/l7Avfwr1aOEDavgCwz+KJKyPMFZWQYgmK7QGXH+9SI+S5JkFgDVTIJGN3luyA7PtjPgEkp7n3ubKLLzsqm5gZZpAlXaChxGS3XUdgSPzDgB9YAFGC5zBG7H7ilHLMwA1xpNrUThquez+HS4Jdp5Lw4BY7s=</Value>
				</Measurement>
			</Results>
		</Test>
		<EndDateTime>May 24 14:50 Malay Peninsula Standard Time</EndDateTime>
		<EndTestTime>1716533414</EndTestTime>
		<ElapsedMinutes>0</ElapsedMinutes>
	</Testing>
</Site>
