<?xml version="1.0" encoding="UTF-8"?>
<Site BuildName="(empty)"
	BuildStamp="20240506-1519-Experimental"
	Name="(empty)"
	Generator="ctest-3.29.2"
	CompilerName=""
	CompilerVersion=""
	OSName="Windows"
	Hostname="LAPTOP-ABCC0QRG"
	OSRelease=" Personal"
	OSVersion=" (Build 22631)"
	OSPlatform="AMD64"
	Is64Bits="1"
	VendorString="GenuineIntel"
	VendorID="Intel Corporation"
	FamilyID="6"
	ModelID="12"
	ProcessorCacheSize="-1"
	NumberOfLogicalCPU="8"
	NumberOfPhysicalCPU="4"
	TotalVirtualMemory="21673"
	TotalPhysicalMemory="7886"
	LogicalProcessorsPerPhysical="2"
	ProcessorClockFrequency="2419"
	>
	<Testing>
		<StartDateTime>May 06 23:19 Malay Peninsula Standard Time</StartDateTime>
		<StartTestTime>1715008769</StartTestTime>
		<TestList/>
		<EndDateTime>May 06 23:19 Malay Peninsula Standard Time</EndDateTime>
		<EndTestTime>1715008769</EndTestTime>
		<ElapsedMinutes>0</ElapsedMinutes>
	</Testing>
</Site>
