<?xml version="1.0" encoding="UTF-8"?>
<Site BuildName="Win32-MSBuild"
	BuildStamp="20240506-1437-Experimental"
	Name="LAPTOP-ABCC0QRG"
	Generator="ctest-3.29.2"
	CompilerName="C:/Program Files/Microsoft Visual Studio/2022/Community/VC/Tools/MSVC/14.39.33519/bin/Hostx86/x64/cl.exe"
	CompilerVersion="19.39.33523.0"
	OSName="Windows"
	Hostname="LAPTOP-ABCC0QRG"
	OSRelease=" Personal"
	OSVersion=" (Build 22631)"
	OSPlatform="AMD64"
	Is64Bits="1"
	VendorString="GenuineIntel"
	VendorID="Intel Corporation"
	FamilyID="6"
	ModelID="12"
	ProcessorCacheSize="-1"
	NumberOfLogicalCPU="8"
	NumberOfPhysicalCPU="4"
	TotalVirtualMemory="21673"
	TotalPhysicalMemory="7886"
	LogicalProcessorsPerPhysical="2"
	ProcessorClockFrequency="2419"
	>
	<Testing>
		<StartDateTime>May 06 23:24 Malay Peninsula Standard Time</StartDateTime>
		<StartTestTime>1715009071</StartTestTime>
		<TestList>
			<Test>./test/dicom_gtest</Test>
		</TestList>
		<Test Status="passed">
			<Name>dicom_gtest</Name>
			<Path>./test</Path>
			<FullName>./test/dicom_gtest</FullName>
			<FullCommandLine>D:\Project\Git\DICOM_V2\DICOM-Image-Tool\build\test\Debug\unit_test.exe</FullCommandLine>
			<Results>
				<NamedMeasurement type="numeric/double" name="Execution Time">
					<Value>0.56017</Value>
				</NamedMeasurement>
				<NamedMeasurement type="numeric/double" name="Processors">
					<Value>1</Value>
				</NamedMeasurement>
				<NamedMeasurement type="text/string" name="Completion Status">
					<Value>Completed</Value>
				</NamedMeasurement>
				<NamedMeasurement type="text/string" name="Command Line">
					<Value>D:\Project\Git\DICOM_V2\DICOM-Image-Tool\build\test\Debug\unit_test.exe</Value>
				</NamedMeasurement>
				<NamedMeasurement type="text/string" name="Environment">
					<Value>#CTEST_RESOURCE_GROUP_COUNT=</Value>
				</NamedMeasurement>
				<Measurement>
					<Value encoding="base64" compression="gzip">eJyNUsFuwjAMvfcrfCyHVgNpl0k7TCtjaNpAlO1CEAqpKdnSBDUuY/v6NS1iBWlrfYhi+/k9O/Gs0FrqFDIutd+DTW4yiG7YNDfvKIiNJLFofD95Xr0N6kswzniKwdwYxdaFVAlbJbizLDUmVUhoKbC5aLisct1t5URCIbzF7cmWMDt2cA0OY+sW+pUDtpCEobcITraEkTJrruo86r3Mjc5Ql1ikoNhdgM9IH6TCR64ThfMy6C1g9voClS0vcqHYoviYH2h4INRWGl2ia5s8dUCDfwWZ7bVLxEgjJJeZctq2i5zju8i4I+Z7dOF/+ZtA8PudiCN0f1xRV2VJ5SflvwmB1m4Kpb7CVtVflq4DHd8glt/tMzWwJ/qOK1I/A5AhrnpetzUk5HmQmE99vuV/bjfkXIfgDxpC5UTTuzgeRm76Y2Ho/QBJYy1I====</Value>
				</Measurement>
			</Results>
		</Test>
		<EndDateTime>May 06 23:24 Malay Peninsula Standard Time</EndDateTime>
		<EndTestTime>1715009072</EndTestTime>
		<ElapsedMinutes>0</ElapsedMinutes>
	</Testing>
</Site>
